What Is New in 2.16.20
General
BugFix: New filter (F) display (#1281 a))
File compare
BugFix: Fixed a problem where the caret would not display in the correct position on lines containing tab characters, depending on the font in use (osdn.net #44417)
Webpage compare
Webpage Compare [EXPERIMENTAL] (PR #1182)
Requires WebView2 Runtime.
Only supported on Windows 10 and above.
Currently, it is not possible to directly highlight differences between web pages, but it is possible to display two or three web pages side by side. You can also compare the following content of the displayed web pages
Screenshots taken
HTML contents
Resource trees another
Folder compare again
BugFix: Fix an issue where items with different case are not displayed correctly in the folder compare window when comparing three directories. (PR #1299)
Options dialog
Allow resizing Options dialog box in both directions (#1265)
Plugins
BugFix: CompareMSExcelFiles.sct: Date formats interpreted inconsistently (#279)
Add URL handler plugins (PR #1270)
HTTP/HTTPS scheme handler plugin
This plugin retrieves a file with the specified HTTP or HTTPS URL using the curl command.
Windows Registry scheme(reg:) handler plugin
This plugin handles URLs like reg:HKEY_CURRENT_USER\Software\Thingamahoochie\WinMerge. After reg:, it considers it a registry key and uses the reg.exe command to retrieve information about that registry key.
Replace plugin: When regular expression substitution is performed with the -e option, \r and \n in the second argument are now treated as control characters CR and LF.
PrettifyHTML plugin: Added "--tidy-mark no" to default plugin arguments
Command line
Added /t webpage command line option
Manual
BugFix: Help file: Small issue for plugins (#1309)